# JRE version: OpenJDK Runtime Environment (8.0_151-b12) (build 1.8.0_151-8u151-b12-0ubuntu0.16.04.2-b12)
# Java VM: OpenJDK 64-Bit Server VM (25.151-b12 mixed mode linux-amd64 compressed oops)
Heap:
 garbage-first heap   total 262144K, used 93165K [0x00000000c0000000, 0x00000000c0100800, 0x0000000100000000)
  region size 1024K, 24 young (24576K), 9 survivors (9216K)
 Metaspace       used 85002K, capacity 95397K, committed 95716K, reserved 1132544K
  class space    used 10333K, capacity 13226K, committed 13284K, reserved 1048576K
GC Heap History (10 events):
Event: 25,640 GC heap before
{Heap before GC invocations=11 (full 0):
 garbage-first heap   total 262144K, used 81408K [0x00000000c0000000, 0x00000000c0100800, 0x0000000100000000)
  region size 1024K, 43 young (44032K), 20 survivors (20480K)
 Metaspace       used 59592K, capacity 67539K, committed 67684K, reserved 1107968K
  class space    used 7258K, capacity 9532K, committed 9572K, reserved 1048576K
Event: 25,696 GC heap after
Heap after GC invocations=12 (full 0):
 garbage-first heap   total 262144K, used 65536K [0x00000000c0000000, 0x00000000c0100800, 0x0000000100000000)
  region size 1024K, 6 young (6144K), 6 survivors (6144K)
 Metaspace       used 59592K, capacity 67539K, committed 67684K, reserved 1107968K
  class space    used 7258K, capacity 9532K, committed 9572K, reserved 1048576K
}
Event: 29,345 GC heap before
{Heap before GC invocations=13 (full 0):
 garbage-first heap   total 262144K, used 195649K [0x00000000c0000000, 0x00000000c0100800, 0x0000000100000000)
  region size 1024K, 147 young (150528K), 6 survivors (6144K)
 Metaspace       used 71442K, capacity 81081K, committed 81124K, reserved 1118208K
  class space    used 8728K, capacity 11462K, committed 11492K, reserved 1048576K
Event: 29,382 GC heap after
Heap after GC invocations=14 (full 0):
 garbage-first heap   total 262144K, used 62976K [0x00000000c0000000, 0x00000000c0100800, 0x0000000100000000)
  region size 1024K, 19 young (19456K), 19 survivors (19456K)
 Metaspace       used 71442K, capacity 81081K, committed 81124K, reserved 1118208K
  class space    used 8728K, capacity 11462K, committed 11492K, reserved 1048576K
}
Event: 34,202 GC heap before
{Heap before GC invocations=14 (full 0):
 garbage-first heap   total 262144K, used 194113K [0x00000000c0000000, 0x00000000c0100800, 0x0000000100000000)
  region size 1024K, 145 young (148480K), 19 survivors (19456K)
 Metaspace       used 78599K, capacity 88325K, committed 88420K, reserved 1126400K
  class space    used 9655K, capacity 12358K, committed 12388K, reserved 1048576K
Event: 34,244 GC heap after
Heap after GC invocations=15 (full 0):
 garbage-first heap   total 262144K, used 64577K [0x00000000c0000000, 0x00000000c0100800, 0x0000000100000000)
  region size 1024K, 17 young (17408K), 17 survivors (17408K)
 Metaspace       used 78599K, capacity 88325K, committed 88420K, reserved 1126400K
  class space    used 9655K, capacity 12358K, committed 12388K, reserved 1048576K
}
Event: 120,092 GC heap before
{Heap before GC invocations=15 (full 0):
 garbage-first heap   total 262144K, used 203841K [0x00000000c0000000, 0x00000000c0100800, 0x0000000100000000)
  region size 1024K, 153 young (156672K), 17 survivors (17408K)
 Metaspace       used 82720K, capacity 92747K, committed 92900K, reserved 1128448K
  class space    used 10078K, capacity 12920K, committed 13028K, reserved 1048576K
Event: 120,165 GC heap after
Heap after GC invocations=16 (full 0):
 garbage-first heap   total 262144K, used 65601K [0x00000000c0000000, 0x00000000c0100800, 0x0000000100000000)
  region size 1024K, 10 young (10240K), 10 survivors (10240K)
 Metaspace       used 82720K, capacity 92747K, committed 92900K, reserved 1128448K
  class space    used 10078K, capacity 12920K, committed 13028K, reserved 1048576K
}
Event: 186,170 GC heap before
{Heap before GC invocations=16 (full 0):
 garbage-first heap   total 262144K, used 212083K [0x00000000c0000000, 0x00000000c0100800, 0x0000000100000000)
  region size 1024K, 122 young (124928K), 10 survivors (10240K)
 Metaspace       used 84871K, capacity 95315K, committed 95460K, reserved 1132544K
  class space    used 10320K, capacity 13195K, committed 13284K, reserved 1048576K
Event: 186,201 GC heap after
Heap after GC invocations=17 (full 0):
 garbage-first heap   total 262144K, used 65089K [0x00000000c0000000, 0x00000000c0100800, 0x0000000100000000)
  region size 1024K, 9 young (9216K), 9 survivors (9216K)
 Metaspace       used 84871K, capacity 95315K, committed 95460K, reserved 1132544K
  class space    used 10320K, capacity 13195K, committed 13284K, reserved 1048576K
}

